-- The C compiler identification is GNU 7.5.0
-- The CXX compiler identification is GNU 7.5.0
-- Detecting C compiler ABI info
-- Detecting C compiler ABI info - done
-- Check for working C compiler: /GPUFS/sysu_hpcedu_302/admin/env/v3/spack/opt/spack/linux-centos7-haswell/gcc-4.8.5/gcc-7.5.0-apfqefcs5zty75lid2nxwyh5f4uagvtp/bin/gcc - skipped
-- Detecting C compile features
-- Detecting C compile features - done
-- Detecting CXX compiler ABI info
-- Detecting CXX compiler ABI info - done
-- Check for working CXX compiler: /GPUFS/sysu_hpcedu_302/admin/env/v3/spack/opt/spack/linux-centos7-haswell/gcc-4.8.5/gcc-7.5.0-apfqefcs5zty75lid2nxwyh5f4uagvtp/bin/g++ - skipped
-- Detecting CXX compile features
-- Detecting CXX compile features - done
-- Looking for pthread.h
-- Looking for pthread.h - found
-- Performing Test CMAKE_HAVE_LIBC_PTHREAD
-- Performing Test CMAKE_HAVE_LIBC_PTHREAD - Failed
-- Looking for pthread_create in pthreads
-- Looking for pthread_create in pthreads - not found
-- Looking for pthread_create in pthread
-- Looking for pthread_create in pthread - found
-- Found Threads: TRUE  
-- Configuring done
-- Generating done
-- Build files have been written to: /GPUFS/sysu_hpcedu_302/admin/multicore-hw1/sources/bin
[ 25%] Building NVCC (Device) object CMakeFiles/main.dir/src/main_generated_main.cu.o
[ 50%] Building NVCC (Device) object CMakeFiles/main.dir/src/main_generated_core.cu.o
Scanning dependencies of target main
[ 75%] Building CXX object CMakeFiles/main.dir/src/samples.cpp.o
[100%] Linking CXX executable main
[100%] Built target main


Start benchmark with matrix size 400 * 400:

Version 0: 1.424576ms
Version 1: 1.710208ms
Version 2: 1.355104ms
Version 3: 1.362560ms
Version 4: 1.328768ms
Version 5: 1.334464ms
Version 6: 1.096384ms
Version 7: 0.970144ms
Version 8: 1.484576ms
Version 9: 1.111776ms
Version 10: 5.147392ms
Version 11: 0.570528ms
Version 12: 1.230400ms
Version 13: 23.146433ms
Version 14: 1.079456ms


Finish benchmark with matrix size 400 * 400.



Start benchmark with matrix size 2560 * 2560:

Version 0: 30.828640ms
Version 1: 41.208130ms
Version 2: 29.801023ms
Version 3: 27.034016ms
Version 4: 24.807072ms
Version 5: 24.226175ms
Version 6: 14.996576ms
Version 7: 10.830656ms
Version 8: 12.939520ms
Version 9: 13.823648ms
Version 10: 117.122368ms
Version 11: 19.058687ms
Version 12: 13.534784ms
Version 13: 84.060829ms
Version 14: 10.362016ms


Finish benchmark with matrix size 2560 * 2560.



Start benchmark with matrix size 10240 * 10240:

Version 0: 452.398407ms
Version 1: 716.121765ms
Version 2: 551.857300ms
Version 3: 504.733246ms
Version 4: 488.918488ms
Version 5: 490.566071ms
Version 6: 303.661346ms
Version 7: 243.169281ms
Version 8: 270.985077ms
Version 9: 292.547028ms
Version 10: 1522.078735ms
Version 11: 217.124222ms
Version 12: 236.208679ms
Version 13: 1073.130737ms
Version 14: 126.598434ms


Finish benchmark with matrix size 10240 * 10240.

sample:
 7.00000  6.00000  9.00000  3.00000  1.00000 
15.00000 10.00000 12.00000  9.00000 13.00000 
10.00000 11.00000  2.00000 11.00000  3.00000 
 6.00000 12.00000  2.00000  4.00000  8.00000 
11.00000  8.00000  7.00000 13.00000  6.00000 
result:
 2.04319  2.13833  2.33837  2.43079  2.25386 
 2.02281  2.25273  2.51053  2.64916  2.51266 
 2.15353  2.41505  2.51159  2.77526  2.71847 
 2.33837  2.62300  2.75433  2.94162  2.85710 
 2.25386  2.47996  2.62300  2.78779  2.68595 
cudaCallback: 0.778 ms

sample:
10.00000 14.00000  3.00000  3.00000 15.00000 
 9.00000 10.00000  6.00000  2.00000 13.00000 
 7.00000  1.00000  8.00000  3.00000 10.00000 
 5.00000 13.00000  5.00000  7.00000  8.00000 
 9.00000 14.00000  4.00000 11.00000  2.00000 
result:
 2.04319  2.09473  2.26861  2.39591  2.21025 
 2.25386  2.30667  2.38889  2.62300  2.47996 
 2.33837  2.48437  2.56705  2.80978  2.69231 
 2.52321  2.78779  2.83071  2.99707  2.85710 
 2.36938  2.59930  2.78779  2.92642  2.68595 
cudaCallback: 7.550 ms

sample:
 4.00000 12.00000  3.00000  6.00000  4.00000 
 2.00000 14.00000  9.00000  8.00000  0.00000 
 8.00000  8.00000  4.00000 12.00000 11.00000 
 3.00000 15.00000 13.00000  3.00000  4.00000 
 4.00000  0.00000  6.00000  0.00000  3.00000 
result:
 2.41428  2.32154  2.32154  2.60891  2.62300 
 2.56705  2.43521  2.40069  2.69888  2.62300 
 2.53252  2.45614  2.30061  2.65702  2.52752 
 2.80978  2.73340  2.69154  2.92069  2.78779 
 2.69231  2.62300  2.52752  2.78779  2.59930 
cudaCallback: 0.015 ms

sample:
 6.00000  2.00000 12.00000  5.00000  9.00000 
 1.00000  4.00000 15.00000  5.00000 10.00000 
10.00000  6.00000  2.00000  4.00000  8.00000 
 3.00000  0.00000 14.00000 14.00000  3.00000 
 9.00000 11.00000  0.00000  2.00000  6.00000 
result:
 2.35883  2.22423  2.22700  2.43521  2.44121 
 2.54612  2.49066  2.56705  2.73340  2.64916 
 2.60157  2.54612  2.56705  2.80978  2.78779 
 2.80978  2.83071  2.83071  2.94162  2.85710 
 2.62300  2.64916  2.64916  2.71847  2.59930 
cudaCallback: 0.015 ms

sample:
 2.00000  6.00000  9.00000  9.00000 15.00000 
 4.00000 13.00000 10.00000 13.00000  0.00000 
 5.00000  6.00000  4.00000  7.00000 10.00000 
13.00000 13.00000  1.00000 12.00000  9.00000 
 8.00000  1.00000 10.00000  4.00000  8.00000 
result:
 2.43521  2.35883  2.30061  2.50883  2.52752 
 2.27968  2.32431  2.39058  2.62250  2.62300 
 2.26886  2.24516  2.43521  2.65702  2.59683 
 2.45614  2.48790  2.62250  2.84431  2.76163 
 2.55368  2.59683  2.64916  2.78779  2.59930 
cudaCallback: 0.482 ms

sample:
 1.00000 11.00000 14.00000 12.00000 10.00000 
13.00000 13.00000 12.00000  4.00000  6.00000 
15.00000  5.00000  1.00000  8.00000  4.00000 
 2.00000  2.00000 13.00000 10.00000 14.00000 
 8.00000  5.00000 15.00000  6.00000  3.00000 
result:
 2.47707  2.62250  2.54612  2.80978  2.69231 
 2.47707  2.43521  2.37976  2.69888  2.64916 
 2.51159  2.47707  2.53252  2.83071  2.64916 
 2.69888  2.64343  2.75433  2.99707  2.85710 
 2.55368  2.48437  2.71847  2.92642  2.77259 
cudaCallback: 0.112 ms

sample:
 3.00000  8.00000  3.00000  2.00000  1.00000 
11.00000  9.00000  4.00000 12.00000  2.00000 
 7.00000  9.00000 14.00000 12.00000  9.00000 
14.00000 13.00000 14.00000 11.00000  6.00000 
 2.00000  4.00000  1.00000  1.00000  3.00000 
result:
 2.64343  2.54612  2.28979  2.45614  2.36273 
 2.54612  2.51159  2.44880  2.65702  2.52752 
 2.49066  2.45614  2.39335  2.67795  2.55368 
 2.65702  2.64343  2.67795  2.86524  2.78779 
 2.55368  2.59683  2.69231  2.78779  2.59930 
cudaCallback: 10.457 ms

sample:
14.00000 11.00000  6.00000 11.00000 13.00000 
10.00000 11.00000 11.00000  2.00000  5.00000 
 5.00000  8.00000  1.00000 13.00000  4.00000 
 1.00000  8.00000 13.00000 13.00000  6.00000 
15.00000 11.00000  1.00000 14.00000  5.00000 
result:
 2.44880  2.53252  2.45614  2.71981  2.71847 
 2.37976  2.45614  2.36617  2.60891  2.57984 
 2.43521  2.35606  2.24516  2.45337  2.44121 
 2.73340  2.71247  2.63609  2.78885  2.69231 
 2.62300  2.52752  2.52752  2.69231  2.47996 
cudaCallback: 13.431 ms

sample:
 1.00000  9.00000  3.00000  3.00000  3.00000 
13.00000 12.00000 13.00000  6.00000 11.00000 
 3.00000 11.00000  1.00000  1.00000 11.00000 
10.00000  5.00000  6.00000  2.00000  3.00000 
 3.00000 11.00000  3.00000 14.00000 14.00000 
result:
 2.30061  2.32431  2.13426  2.56705  2.48437 
 2.32154  2.40069  2.20607  2.62250  2.41505 
 2.21064  2.30061  2.15403  2.50883  2.31611 
 2.51159  2.65702  2.55345  2.77526  2.64916 
 2.41505  2.52752  2.41505  2.62300  2.51266 
cudaCallback: 17.234 ms

sample:
 6.00000  5.00000  6.00000  4.00000  5.00000 
 5.00000  4.00000  6.00000  6.00000  2.00000 
 1.00000  9.00000  5.00000  5.00000  9.00000 
 1.00000  7.00000 14.00000  7.00000 11.00000 
11.00000  8.00000 15.00000  7.00000  7.00000 
result:
 2.37976  2.26493  2.18578  2.50883  2.48437 
 2.35606  2.32154  2.29784  2.60891  2.66615 
 2.40069  2.34247  2.23157  2.53252  2.50136 
 2.69888  2.65425  2.64343  2.83071  2.69231 
 2.48437  2.45474  2.44121  2.57984  2.47996 
cudaCallback: 29.241 ms

sample:
 4.00000  9.00000  5.00000  7.00000  5.00000 
 3.00000  5.00000  3.00000 12.00000 11.00000 
15.00000  9.00000  9.00000 11.00000  6.00000 
12.00000  4.00000  1.00000  2.00000  3.00000 
 4.00000 14.00000  1.00000 14.00000  1.00000 
result:
 2.25875  2.46697  2.52519  2.78885  2.71847 
 2.34524  2.42162  2.51159  2.76792  2.69231 
 2.32431  2.40069  2.39335  2.65702  2.62300 
 2.62250  2.67795  2.67795  2.86524  2.69231 
 2.38889  2.48437  2.62300  2.69231  2.56660 
cudaCallback: 14.555 ms

sample:
 6.00000  4.00000 14.00000 14.00000  9.00000 
 7.00000 13.00000 10.00000 10.00000  8.00000 
13.00000  1.00000  8.00000  2.00000 12.00000 
 6.00000  4.00000  8.00000  1.00000  9.00000 
12.00000 12.00000  8.00000  5.00000 12.00000 
result:
 2.52519  2.51159  2.54612  2.71247  2.55368 
 2.51159  2.28979  2.40069  2.64343  2.45820 
 2.43521  2.45614  2.38710  2.58798  2.44121 
 2.62250  2.64343  2.60891  2.75433  2.57984 
 2.43204  2.52752  2.48437  2.59683  2.47996 
cudaCallback: 17.887 ms

