Performing C SOURCE FILE Test CMAKE_HAVE_LIBC_PTHREAD failed with the following output:
Change Dir: /home/jovyan/multicore-hw1-scaffold/sources/bin/CMakeFiles/CMakeTmp

Run Build Command(s):/opt/conda/bin/make cmTC_1b791/fast && /opt/conda/bin/make -f CMakeFiles/cmTC_1b791.dir/build.make CMakeFiles/cmTC_1b791.dir/build
make[1]: Entering directory '/home/jovyan/multicore-hw1-scaffold/sources/bin/CMakeFiles/CMakeTmp'
Building C object CMakeFiles/cmTC_1b791.dir/src.c.o
/usr/bin/cc   -fPIC -DCMAKE_HAVE_LIBC_PTHREAD   -o CMakeFiles/cmTC_1b791.dir/src.c.o   -c /home/jovyan/multicore-hw1-scaffold/sources/bin/CMakeFiles/CMakeTmp/src.c
Linking C executable cmTC_1b791
/opt/conda/bin/cmake -E cmake_link_script CMakeFiles/cmTC_1b791.dir/link.txt --verbose=1
/usr/bin/cc -fPIC -DCMAKE_HAVE_LIBC_PTHREAD    -rdynamic CMakeFiles/cmTC_1b791.dir/src.c.o  -o cmTC_1b791 
CMakeFiles/cmTC_1b791.dir/src.c.o: In function `main':
src.c:(.text+0x3e): undefined reference to `pthread_create'
src.c:(.text+0x4a): undefined reference to `pthread_detach'
src.c:(.text+0x56): undefined reference to `pthread_cancel'
src.c:(.text+0x67): undefined reference to `pthread_join'
src.c:(.text+0x7b): undefined reference to `pthread_atfork'
collect2: error: ld returned 1 exit status
make[1]: *** [CMakeFiles/cmTC_1b791.dir/build.make:104: cmTC_1b791] Error 1
make[1]: Leaving directory '/home/jovyan/multicore-hw1-scaffold/sources/bin/CMakeFiles/CMakeTmp'
make: *** [Makefile:138: cmTC_1b791/fast] Error 2


Source file was:
#include <pthread.h>

void* test_func(void* data)
{
  return data;
}

int main(void)
{
  pthread_t thread;
  pthread_create(&thread, NULL, test_func, NULL);
  pthread_detach(thread);
  pthread_cancel(thread);
  pthread_join(thread, NULL);
  pthread_atfork(NULL, NULL, NULL);
  pthread_exit(NULL);

  return 0;
}

Determining if the function pthread_create exists in the pthreads failed with the following output:
Change Dir: /home/jovyan/multicore-hw1-scaffold/sources/bin/CMakeFiles/CMakeTmp

Run Build Command(s):/opt/conda/bin/make cmTC_70bb0/fast && /opt/conda/bin/make -f CMakeFiles/cmTC_70bb0.dir/build.make CMakeFiles/cmTC_70bb0.dir/build
make[1]: Entering directory '/home/jovyan/multicore-hw1-scaffold/sources/bin/CMakeFiles/CMakeTmp'
Building C object CMakeFiles/cmTC_70bb0.dir/CheckFunctionExists.c.o
/usr/bin/cc   -fPIC -DCHECK_FUNCTION_EXISTS=pthread_create   -o CMakeFiles/cmTC_70bb0.dir/CheckFunctionExists.c.o   -c /opt/conda/share/cmake-3.17/Modules/CheckFunctionExists.c
Linking C executable cmTC_70bb0
/opt/conda/bin/cmake -E cmake_link_script CMakeFiles/cmTC_70bb0.dir/link.txt --verbose=1
/usr/bin/cc -fPIC -DCHECK_FUNCTION_EXISTS=pthread_create    -rdynamic CMakeFiles/cmTC_70bb0.dir/CheckFunctionExists.c.o  -o cmTC_70bb0  -lpthreads 
/usr/bin/ld: cannot find -lpthreads
collect2: error: ld returned 1 exit status
make[1]: *** [CMakeFiles/cmTC_70bb0.dir/build.make:104: cmTC_70bb0] Error 1
make[1]: Leaving directory '/home/jovyan/multicore-hw1-scaffold/sources/bin/CMakeFiles/CMakeTmp'
make: *** [Makefile:138: cmTC_70bb0/fast] Error 2



